INFO:root:Started cv controller Waiting for Client TO send Commands....
DEBUG:root:b'start_opencv'
WARNING:root:let in Nicholas Blackburn
WARNING:root:let in Nicholas Blackburn
WARNING:root:let in Nicholas Blackburn
WARNING:root:let in Nicholas Blackburn
WARNING:root:let in Nicholas Blackburn
WARNING:root:let in Nicholas Blackburn
WARNING:root:let in Nicholas Blackburn
WARNING:root:let in Nicholas Blackburn
WARNING:root:let in Nicholas Blackburn
WARNING:root:let in Nicholas Blackburn
WARNING:root:let in Nicholas Blackburn
WARNING:root:let in Nicholas Blackburn
DEBUG:root:no one is here
DEBUG:root:no one is here
WARNING:root:let in Nicholas Blackburn
WARNING:root:let in Nicholas Blackburn
WARNING:root:let in Nicholas Blackburn
WARNING:root:let in Nicholas Blackburn
WARNING:root:let in Nicholas Blackburn
WARNING:root:let in Nicholas Blackburn
WARNING:root:let in Nicholas Blackburn
WARNING:root:let in Nicholas Blackburn
WARNING:root:let in Nicholas Blackburn
WARNING:root:let in Nicholas Blackburn
WARNING:root:let in Nicholas Blackburn
WARNING:root:let in Nicholas Blackburn
WARNING:root:let in Nicholas Blackburn
WARNING:root:let in Nicholas Blackburn
WARNING:root:let in Nicholas Blackburn
WARNING:root:let in Nicholas Blackburn
WARNING:root:let in Nicholas Blackburn
WARNING:root:let in Nicholas Blackburn
WARNING:root:let in Nicholas Blackburn
WARNING:root:let in Nicholas Blackburn
WARNING:root:let in Nicholas Blackburn
WARNING:root:let in Nicholas Blackburn
WARNING:root:let in Nicholas Blackburn
WARNING:root:let in Nicholas Blackburn
WARNING:root:let in Nicholas Blackburn
WARNING:root:let in Nicholas Blackburn
WARNING:root:let in Nicholas Blackburn
WARNING:root:let in Nicholas Blackburn
WARNING:root:let in Nicholas Blackburn
WARNING:root:let in Nicholas Blackburn
WARNING:root:let in Nicholas Blackburn
WARNING:root:let in Nicholas Blackburn
WARNING:root:let in Nicholas Blackburn
WARNING:root:let in Nicholas Blackburn
WARNING:root:let in Nicholas Blackburn
WARNING:root:let in Nicholas Blackburn
WARNING:root:let in Nicholas Blackburn
WARNING:root:let in Nicholas Blackburn
WARNING:root:let in Nicholas Blackburn
WARNING:root:let in Nicholas Blackburn
WARNING:root:let in Nicholas Blackburn
WARNING:root:let in Nicholas Blackburn
WARNING:root:let in Nicholas Blackburn
WARNING:root:let in Nicholas Blackburn
WARNING:root:let in Nicholas Blackburn
WARNING:root:let in Nicholas Blackburn
WARNING:root:let in Nicholas Blackburn
WARNING:root:let in Nicholas Blackburn
WARNING:root:let in Nicholas Blackburn
WARNING:root:let in Nicholas Blackburn
WARNING:root:let in Nicholas Blackburn
WARNING:root:let in Nicholas Blackburn
WARNING:root:let in Nicholas Blackburn
WARNING:root:let in Nicholas Blackburn
WARNING:root:let in Nicholas Blackburn
WARNING:root:let in Nicholas Blackburn
WARNING:root:let in Nicholas Blackburn
WARNING:root:let in Nicholas Blackburn
WARNING:root:let in Nicholas Blackburn
WARNING:root:let in Nicholas Blackburn
WARNING:root:let in Nicholas Blackburn
WARNING:root:let in Nicholas Blackburn
WARNING:root:let in Nicholas Blackburn
WARNING:root:let in Nicholas Blackburn
WARNING:root:let in Nicholas Blackburn
WARNING:root:let in Nicholas Blackburn
WARNING:root:let in Nicholas Blackburn
WARNING:root:let in Nicholas Blackburn
WARNING:root:let in Nicholas Blackburn
WARNING:root:let in Nicholas Blackburn
WARNING:root:let in Nicholas Blackburn
WARNING:root:let in Nicholas Blackburn
WARNING:root:let in Nicholas Blackburn
WARNING:root:let in Nicholas Blackburn
WARNING:root:let in Nicholas Blackburn
WARNING:root:let in Nicholas Blackburn
WARNING:root:let in Nicholas Blackburn
WARNING:root:let in Nicholas Blackburn
WARNING:root:let in Nicholas Blackburn
WARNING:root:let in Nicholas Blackburn
WARNING:root:let in Nicholas Blackburn
WARNING:root:let in Nicholas Blackburn
WARNING:root:let in Nicholas Blackburn
WARNING:root:let in Nicholas Blackburn
WARNING:root:let in Nicholas Blackburn
WARNING:root:let in Nicholas Blackburn
INFO:root:Started cv controller Waiting for Client TO send Commands....
DEBUG:root:b'start_opencv'
WARNING:root:let in Nicholas Blackburn
WARNING:root:let in Nicholas Blackburn
WARNING:root:let in Nicholas Blackburn
WARNING:root:let in Nicholas Blackburn
WARNING:root:let in Nicholas Blackburn
WARNING:root:let in Nicholas Blackburn
WARNING:root:let in Nicholas Blackburn
WARNING:root:let in Nicholas Blackburn
WARNING:root:let in Nicholas Blackburn
WARNING:root:let in Nicholas Blackburn
WARNING:root:let in Nicholas Blackburn
WARNING:root:let in Nicholas Blackburn
WARNING:root:let in Nicholas Blackburn
WARNING:root:let in Nicholas Blackburn
INFO:root:Started cv controller Waiting for Client TO send Commands....
DEBUG:root:b'start_opencv'
INFO:root:setting up opencv
